2019-07-09 19:10:55,787 - INFO - trend > query_pay_echart 耗时：0.03
2019-07-09 19:10:55,818 - INFO - trend > query_record 耗时：0.03
2019-07-09 19:10:55,830 - INFO - trend > calc_bodan 耗时：0.0
2019-07-09 19:10:55,834 - INFO - trend > start_time 耗时：0.0
2019-07-09 19:10:55,842 - INFO - trend > query_oupei_echart 耗时：0.01
2019-07-09 19:11:39,118 - INFO - trend > query_pay_echart 耗时：0.0
2019-07-09 19:11:39,121 - INFO - trend > query_record 耗时：0.0
2019-07-09 19:11:39,121 - INFO - trend > calc_bodan 耗时：0.0
2019-07-09 19:11:39,130 - INFO - trend > start_time 耗时：0.01
2019-07-09 19:11:39,142 - INFO - trend > query_oupei_echart 耗时：0.01
2019-07-09 19:14:14,984 - INFO - trend > query_pay_echart 耗时：0.0
2019-07-09 19:14:15,202 - INFO - trend > query_record 耗时：0.22
2019-07-09 19:14:15,217 - INFO - trend > calc_bodan 耗时：0.01
2019-07-09 19:14:15,223 - INFO - trend > start_time 耗时：0.0
2019-07-09 19:14:15,238 - INFO - trend > query_oupei_echart 耗时：0.01
2020-07-22 15:43:38,057 - INFO - trend > query_pay_echart 耗时：0.0
2020-07-22 15:45:11,197 - INFO - trend > query_pay_echart 耗时：0.0
2020-07-22 16:15:55,994 - INFO - trend > query_pay_echart 耗时：0.0
2020-07-22 16:15:56,023 - INFO - trend > query_record 耗时：0.03
2020-07-22 16:15:56,027 - INFO - trend > calc_bodan 耗时：0.0
2020-07-22 16:15:56,031 - INFO - trend > start_time 耗时：0.0
2020-07-22 16:15:56,034 - INFO - trend > query_oupei_echart 耗时：0.0
2020-07-22 16:18:26,545 - INFO - trend > query_pay_echart 耗时：0.0
2020-07-22 16:18:26,557 - INFO - trend > query_record 耗时：0.01
2020-07-22 16:18:26,560 - INFO - trend > calc_bodan 耗时：0.0
2020-07-22 16:18:26,563 - INFO - trend > start_time 耗时：0.0
2020-07-22 16:18:26,568 - INFO - trend > query_oupei_echart 耗时：0.0
2020-07-22 16:19:05,632 - INFO - trend > query_pay_echart 耗时：0.0
2020-07-22 16:19:05,656 - INFO - trend > query_record 耗时：0.01
2020-07-22 16:19:05,661 - INFO - trend > calc_bodan 耗时：0.0
2020-07-22 16:19:05,664 - INFO - trend > start_time 耗时：0.0
2020-07-22 16:19:05,667 - INFO - trend > query_oupei_echart 耗时：0.0
2020-07-22 16:19:20,525 - INFO - trend > query_pay_echart 耗时：0.0
2020-07-22 16:19:20,536 - INFO - trend > query_record 耗时：0.01
2020-07-22 16:19:20,541 - INFO - trend > calc_bodan 耗时：0.0
2020-07-22 16:19:20,544 - INFO - trend > start_time 耗时：0.0
2020-07-22 16:19:20,547 - INFO - trend > query_oupei_echart 耗时：0.0
2020-07-22 16:20:40,981 - INFO - trend > query_pay_echart 耗时：0.0
2020-07-22 16:20:40,994 - INFO - trend > query_record 耗时：0.01
2020-07-22 16:20:40,999 - INFO - trend > calc_bodan 耗时：0.0
2020-07-22 16:20:41,001 - INFO - trend > start_time 耗时：0.0
2020-07-22 16:20:41,004 - INFO - trend > query_oupei_echart 耗时：0.0
2020-07-22 16:22:10,377 - INFO - trend > query_pay_echart 耗时：0.0
2020-07-22 16:22:10,388 - INFO - trend > query_record 耗时：0.01
2020-07-22 16:22:10,393 - INFO - trend > calc_bodan 耗时：0.0
2020-07-22 16:22:10,396 - INFO - trend > start_time 耗时：0.0
2020-07-22 16:22:10,399 - INFO - trend > query_oupei_echart 耗时：0.0
2020-07-22 16:22:21,249 - INFO - trend > query_pay_echart 耗时：0.0
2020-07-22 16:22:21,263 - INFO - trend > query_record 耗时：0.01
2020-07-22 16:22:21,266 - INFO - trend > calc_bodan 耗时：0.0
2020-07-22 16:22:21,269 - INFO - trend > start_time 耗时：0.0
2020-07-22 16:22:21,272 - INFO - trend > query_oupei_echart 耗时：0.0
2020-07-22 16:32:01,785 - INFO - trend > query_pay_echart 耗时：0.0
2020-07-22 16:32:01,797 - INFO - trend > query_record 耗时：0.01
2020-07-22 16:32:01,801 - INFO - trend > calc_bodan 耗时：0.0
2020-07-22 16:32:01,804 - INFO - trend > start_time 耗时：0.0
2020-07-22 16:32:01,807 - INFO - trend > query_oupei_echart 耗时：0.0
2020-07-22 16:32:31,848 - INFO - trend > query_pay_echart 耗时：0.0
2020-07-22 16:32:31,859 - INFO - trend > query_record 耗时：0.01
2020-07-22 16:32:31,862 - INFO - trend > calc_bodan 耗时：0.0
2020-07-22 16:32:31,865 - INFO - trend > start_time 耗时：0.0
2020-07-22 16:32:31,869 - INFO - trend > query_oupei_echart 耗时：0.0
2020-07-22 16:32:46,820 - INFO - trend > query_pay_echart 耗时：0.0
2020-07-22 16:32:46,835 - INFO - trend > query_record 耗时：0.01
2020-07-22 16:32:46,839 - INFO - trend > calc_bodan 耗时：0.0
2020-07-22 16:32:46,842 - INFO - trend > start_time 耗时：0.0
2020-07-22 16:32:46,845 - INFO - trend > query_oupei_echart 耗时：0.0
